<?xml version="1.0" encoding="UTF-8" ?>
<testsuite tests="4" failures="0" name="com.anon.ReverseServiceTest" time="0.176" errors="0" skipped="0">
  <properties>
[...]
</properties>
  <testcase classname="com.anon.ReverseServiceTest" name="nullTest" time="0.013"/>
  <testcase classname="com.anon.ReverseServiceTest" name="emptyTest" time="0.115"/>
  <testcase classname="com.anon.ReverseServiceTest" name="oddCharsTest" time="0.041"/>
  <testcase classname="com.anon.ReverseServiceTest" name="evenCharsTest" time="0.007"/>
</testsuite>